

Microchip MPLAB XC8 Assembler V2.50 build 20240725155939 
                                                                                               Sun Dec 01 08:55:15 2024

Microchip MPLAB XC8 C Compiler v2.50 (Free license) build 20240725155939 Og1 
     1                           	processor	18F4580
     2                           	fnconf	rparam,??,?,0
     3                           	pagewidth 120
     4                           	opt	flic
     5                           	psect	cinit,global,reloc=2,class=CODE,space=0,delta=1
     6                           	psect	cstackCOMRAM,global,class=COMRAM,space=1,delta=1,lowdata,noexec
     7                           	psect	text0,global,reloc=2,class=CODE,space=0,delta=1
     8                           	psect	smallconst,global,reloc=2,class=SMALLCONST,space=0,delta=1,noexec
     9                           	psect	intsave_regs,global,class=BIGRAM,space=1,delta=1,noexec
    10                           	psect	rparam,global,class=COMRAM,space=1,delta=1,noexec
    11   000000                     
    12                           ; Generated 17/10/2023 GMT
    13                           ; 
    14                           ; Copyright © 2023, Microchip Technology Inc. and its subsidiaries ("Microchip")
    15                           ; All rights reserved.
    16                           ; 
    17                           ; This software is developed by Microchip Technology Inc. and its subsidiaries ("Microch
      +                          ip").
    18                           ; 
    19                           ; Redistribution and use in source and binary forms, with or without modification, are
    20                           ; permitted provided that the following conditions are met:
    21                           ; 
    22                           ;     1. Redistributions of source code must retain the above copyright notice, this lis
      +                          t of
    23                           ;        conditions and the following disclaimer.
    24                           ; 
    25                           ;     2. Redistributions in binary form must reproduce the above copyright notice, this 
      +                          list
    26                           ;        of conditions and the following disclaimer in the documentation and/or other
    27                           ;        materials provided with the distribution. Publication is not required when
    28                           ;        this file is used in an embedded application.
    29                           ; 
    30                           ;     3. Microchip's name may not be used to endorse or promote products derived from th
      +                          is
    31                           ;        software without specific prior written permission.
    32                           ; 
    33                           ; THIS SOFTWARE IS PROVIDED BY MICROCHIP "AS IS" AND ANY EXPRESS OR IMPLIED WARRANTIES,
    34                           ; INCLUDING, BUT NOT LIMITED TO, THE IMPLIED WARRANTIES OF MERCHANTABILITY AND FITNESS F
      +                          OR
    35                           ; PURPOSE ARE DISCLAIMED.  IN NO EVENT SHALL MICROCHIP BE LIABLE FOR ANY DIRECT, INDIREC
      +                          T,
    36                           ; INCIDENTAL, SPECIAL, EXEMPLARY, OR CONSEQUENTIAL DAMAGES (INCLUDING BUT NOT LIMITED TO
    37                           ; PROCUREMENT OF SUBSTITUTE GOODS OR SERVICES; LOSS OF USE, DATA OR PROFITS; OR BUSINESS
    38                           ; INTERRUPTION) HOWSOEVER CAUSED AND ON ANY THEORY OF LIABILITY, WHETHER IN CONTRACT, ST
      +                          RICT
    39                           ; LIABILITY, OR TORT (INCLUDING NEGLIGENCE OR OTHERWISE) ARISING IN ANY WAY OUT OF THE U
      +                          SE OF
    40                           ; THIS SOFTWARE, EVEN IF ADVISED OF THE POSSIBILITY OF SUCH DAMAGE.
    41                           ; 
    42                           ; 
    43                           ; Code-generator required, PIC18F4580 Definitions
    44                           ; 
    45                           ; SFR Addresses
    46   000FE0                     bsr             equ	4064
    47   000FE9                     fsr0            equ	4073
    48   000FEA                     fsr0h           equ	4074
    49   000FE9                     fsr0l           equ	4073
    50   000FE1                     fsr1            equ	4065
    51   000FE2                     fsr1h           equ	4066
    52   000FE1                     fsr1l           equ	4065
    53   000FD9                     fsr2            equ	4057
    54   000FDA                     fsr2h           equ	4058
    55   000FD9                     fsr2l           equ	4057
    56   000FEF                     indf0           equ	4079
    57   000FE7                     indf1           equ	4071
    58   000FDF                     indf2           equ	4063
    59   000FF2                     intcon          equ	4082
    60   000000                     nvmcon          equ	0
    61   000FF9                     pcl             equ	4089
    62   000FFA                     pclath          equ	4090
    63   000FFB                     pclatu          equ	4091
    64   000FEB                     plusw0          equ	4075
    65   000FE3                     plusw1          equ	4067
    66   000FDB                     plusw2          equ	4059
    67   000FED                     postdec0        equ	4077
    68   000FE5                     postdec1        equ	4069
    69   000FDD                     postdec2        equ	4061
    70   000FEE                     postinc0        equ	4078
    71   000FE6                     postinc1        equ	4070
    72   000FDE                     postinc2        equ	4062
    73   000FEC                     preinc0         equ	4076
    74   000FE4                     preinc1         equ	4068
    75   000FDC                     preinc2         equ	4060
    76   000FF3                     prod            equ	4083
    77   000FF4                     prodh           equ	4084
    78   000FF3                     prodl           equ	4083
    79   000FD8                     status          equ	4056
    80   000FF5                     tablat          equ	4085
    81   000FF6                     tblptr          equ	4086
    82   000FF7                     tblptrh         equ	4087
    83   000FF6                     tblptrl         equ	4086
    84   000FF8                     tblptru         equ	4088
    85   000FFD                     tosl            equ	4093
    86   000FE8                     wreg            equ	4072
    87   000D60                     RXF6SIDH        equ	3424	;# 
    88   000D61                     RXF6SIDL        equ	3425	;# 
    89   000D62                     RXF6EIDH        equ	3426	;# 
    90   000D63                     RXF6EIDL        equ	3427	;# 
    91   000D64                     RXF7SIDH        equ	3428	;# 
    92   000D65                     RXF7SIDL        equ	3429	;# 
    93   000D66                     RXF7EIDH        equ	3430	;# 
    94   000D67                     RXF7EIDL        equ	3431	;# 
    95   000D68                     RXF8SIDH        equ	3432	;# 
    96   000D69                     RXF8SIDL        equ	3433	;# 
    97   000D6A                     RXF8EIDH        equ	3434	;# 
    98   000D6B                     RXF8EIDL        equ	3435	;# 
    99   000D70                     RXF9SIDH        equ	3440	;# 
   100   000D71                     RXF9SIDL        equ	3441	;# 
   101   000D72                     RXF9EIDH        equ	3442	;# 
   102   000D73                     RXF9EIDL        equ	3443	;# 
   103   000D74                     RXF10SIDH       equ	3444	;# 
   104   000D75                     RXF10SIDL       equ	3445	;# 
   105   000D76                     RXF10EIDH       equ	3446	;# 
   106   000D77                     RXF10EIDL       equ	3447	;# 
   107   000D78                     RXF11SIDH       equ	3448	;# 
   108   000D79                     RXF11SIDL       equ	3449	;# 
   109   000D7A                     RXF11EIDH       equ	3450	;# 
   110   000D7B                     RXF11EIDL       equ	3451	;# 
   111   000D80                     RXF12SIDH       equ	3456	;# 
   112   000D81                     RXF12SIDL       equ	3457	;# 
   113   000D82                     RXF12EIDH       equ	3458	;# 
   114   000D83                     RXF12EIDL       equ	3459	;# 
   115   000D84                     RXF13SIDH       equ	3460	;# 
   116   000D85                     RXF13SIDL       equ	3461	;# 
   117   000D86                     RXF13EIDH       equ	3462	;# 
   118   000D87                     RXF13EIDL       equ	3463	;# 
   119   000D88                     RXF14SIDH       equ	3464	;# 
   120   000D89                     RXF14SIDL       equ	3465	;# 
   121   000D8A                     RXF14EIDH       equ	3466	;# 
   122   000D8B                     RXF14EIDL       equ	3467	;# 
   123   000D90                     RXF15SIDH       equ	3472	;# 
   124   000D91                     RXF15SIDL       equ	3473	;# 
   125   000D92                     RXF15EIDH       equ	3474	;# 
   126   000D93                     RXF15EIDL       equ	3475	;# 
   127   000DD4                     RXFCON0         equ	3540	;# 
   128   000DD5                     RXFCON1         equ	3541	;# 
   129   000DD8                     SDFLC           equ	3544	;# 
   130   000DE0                     RXFBCON0        equ	3552	;# 
   131   000DE1                     RXFBCON1        equ	3553	;# 
   132   000DE2                     RXFBCON2        equ	3554	;# 
   133   000DE3                     RXFBCON3        equ	3555	;# 
   134   000DE4                     RXFBCON4        equ	3556	;# 
   135   000DE5                     RXFBCON5        equ	3557	;# 
   136   000DE6                     RXFBCON6        equ	3558	;# 
   137   000DE7                     RXFBCON7        equ	3559	;# 
   138   000DF0                     MSEL0           equ	3568	;# 
   139   000DF1                     MSEL1           equ	3569	;# 
   140   000DF2                     MSEL2           equ	3570	;# 
   141   000DF3                     MSEL3           equ	3571	;# 
   142   000DF8                     BSEL0           equ	3576	;# 
   143   000DFA                     BIE0            equ	3578	;# 
   144   000DFC                     TXBIE           equ	3580	;# 
   145   000E20                     B0CON           equ	3616	;# 
   146   000E21                     B0SIDH          equ	3617	;# 
   147   000E22                     B0SIDL          equ	3618	;# 
   148   000E23                     B0EIDH          equ	3619	;# 
   149   000E24                     B0EIDL          equ	3620	;# 
   150   000E25                     B0DLC           equ	3621	;# 
   151   000E26                     B0D0            equ	3622	;# 
   152   000E27                     B0D1            equ	3623	;# 
   153   000E28                     B0D2            equ	3624	;# 
   154   000E29                     B0D3            equ	3625	;# 
   155   000E2A                     B0D4            equ	3626	;# 
   156   000E2B                     B0D5            equ	3627	;# 
   157   000E2C                     B0D6            equ	3628	;# 
   158   000E2D                     B0D7            equ	3629	;# 
   159   000E2E                     CANSTAT_RO9     equ	3630	;# 
   160   000E2F                     CANCON_RO9      equ	3631	;# 
   161   000E30                     B1CON           equ	3632	;# 
   162   000E31                     B1SIDH          equ	3633	;# 
   163   000E32                     B1SIDL          equ	3634	;# 
   164   000E33                     B1EIDH          equ	3635	;# 
   165   000E34                     B1EIDL          equ	3636	;# 
   166   000E35                     B1DLC           equ	3637	;# 
   167   000E36                     B1D0            equ	3638	;# 
   168   000E37                     B1D1            equ	3639	;# 
   169   000E38                     B1D2            equ	3640	;# 
   170   000E39                     B1D3            equ	3641	;# 
   171   000E3A                     B1D4            equ	3642	;# 
   172   000E3B                     B1D5            equ	3643	;# 
   173   000E3C                     B1D6            equ	3644	;# 
   174   000E3D                     B1D7            equ	3645	;# 
   175   000E3E                     CANSTAT_RO8     equ	3646	;# 
   176   000E3F                     CANCON_RO8      equ	3647	;# 
   177   000E40                     B2CON           equ	3648	;# 
   178   000E41                     B2SIDH          equ	3649	;# 
   179   000E42                     B2SIDL          equ	3650	;# 
   180   000E43                     B2EIDH          equ	3651	;# 
   181   000E44                     B2EIDL          equ	3652	;# 
   182   000E45                     B2DLC           equ	3653	;# 
   183   000E46                     B2D0            equ	3654	;# 
   184   000E47                     B2D1            equ	3655	;# 
   185   000E48                     B2D2            equ	3656	;# 
   186   000E49                     B2D3            equ	3657	;# 
   187   000E4A                     B2D4            equ	3658	;# 
   188   000E4B                     B2D5            equ	3659	;# 
   189   000E4C                     B2D6            equ	3660	;# 
   190   000E4D                     B2D7            equ	3661	;# 
   191   000E4E                     CANSTAT_RO7     equ	3662	;# 
   192   000E4F                     CANCON_RO7      equ	3663	;# 
   193   000E50                     B3CON           equ	3664	;# 
   194   000E51                     B3SIDH          equ	3665	;# 
   195   000E52                     B3SIDL          equ	3666	;# 
   196   000E53                     B3EIDH          equ	3667	;# 
   197   000E54                     B3EIDL          equ	3668	;# 
   198   000E55                     B3DLC           equ	3669	;# 
   199   000E56                     B3D0            equ	3670	;# 
   200   000E57                     B3D1            equ	3671	;# 
   201   000E58                     B3D2            equ	3672	;# 
   202   000E59                     B3D3            equ	3673	;# 
   203   000E5A                     B3D4            equ	3674	;# 
   204   000E5B                     B3D5            equ	3675	;# 
   205   000E5C                     B3D6            equ	3676	;# 
   206   000E5D                     B3D7            equ	3677	;# 
   207   000E5E                     CANSTAT_RO6     equ	3678	;# 
   208   000E5F                     CANCON_RO6      equ	3679	;# 
   209   000E60                     B4CON           equ	3680	;# 
   210   000E61                     B4SIDH          equ	3681	;# 
   211   000E62                     B4SIDL          equ	3682	;# 
   212   000E63                     B4EIDH          equ	3683	;# 
   213   000E64                     B4EIDL          equ	3684	;# 
   214   000E65                     B4DLC           equ	3685	;# 
   215   000E66                     B4D0            equ	3686	;# 
   216   000E67                     B4D1            equ	3687	;# 
   217   000E68                     B4D2            equ	3688	;# 
   218   000E69                     B4D3            equ	3689	;# 
   219   000E6A                     B4D4            equ	3690	;# 
   220   000E6B                     B4D5            equ	3691	;# 
   221   000E6C                     B4D6            equ	3692	;# 
   222   000E6D                     B4D7            equ	3693	;# 
   223   000E6E                     CANSTAT_RO5     equ	3694	;# 
   224   000E6F                     CANCON_RO5      equ	3695	;# 
   225   000E70                     B5CON           equ	3696	;# 
   226   000E71                     B5SIDH          equ	3697	;# 
   227   000E72                     B5SIDL          equ	3698	;# 
   228   000E73                     B5EIDH          equ	3699	;# 
   229   000E74                     B5EIDL          equ	3700	;# 
   230   000E75                     B5DLC           equ	3701	;# 
   231   000E76                     B5D0            equ	3702	;# 
   232   000E77                     B5D1            equ	3703	;# 
   233   000E78                     B5D2            equ	3704	;# 
   234   000E79                     B5D3            equ	3705	;# 
   235   000E7A                     B5D4            equ	3706	;# 
   236   000E7B                     B5D5            equ	3707	;# 
   237   000E7C                     B5D6            equ	3708	;# 
   238   000E7D                     B5D7            equ	3709	;# 
   239   000E7E                     CANSTAT_RO4     equ	3710	;# 
   240   000E7F                     CANCON_RO4      equ	3711	;# 
   241   000F00                     RXF0SIDH        equ	3840	;# 
   242   000F01                     RXF0SIDL        equ	3841	;# 
   243   000F02                     RXF0EIDH        equ	3842	;# 
   244   000F03                     RXF0EIDL        equ	3843	;# 
   245   000F04                     RXF1SIDH        equ	3844	;# 
   246   000F05                     RXF1SIDL        equ	3845	;# 
   247   000F06                     RXF1EIDH        equ	3846	;# 
   248   000F07                     RXF1EIDL        equ	3847	;# 
   249   000F08                     RXF2SIDH        equ	3848	;# 
   250   000F09                     RXF2SIDL        equ	3849	;# 
   251   000F0A                     RXF2EIDH        equ	3850	;# 
   252   000F0B                     RXF2EIDL        equ	3851	;# 
   253   000F0C                     RXF3SIDH        equ	3852	;# 
   254   000F0D                     RXF3SIDL        equ	3853	;# 
   255   000F0E                     RXF3EIDH        equ	3854	;# 
   256   000F0F                     RXF3EIDL        equ	3855	;# 
   257   000F10                     RXF4SIDH        equ	3856	;# 
   258   000F11                     RXF4SIDL        equ	3857	;# 
   259   000F12                     RXF4EIDH        equ	3858	;# 
   260   000F13                     RXF4EIDL        equ	3859	;# 
   261   000F14                     RXF5SIDH        equ	3860	;# 
   262   000F15                     RXF5SIDL        equ	3861	;# 
   263   000F16                     RXF5EIDH        equ	3862	;# 
   264   000F17                     RXF5EIDL        equ	3863	;# 
   265   000F18                     RXM0SIDH        equ	3864	;# 
   266   000F19                     RXM0SIDL        equ	3865	;# 
   267   000F1A                     RXM0EIDH        equ	3866	;# 
   268   000F1B                     RXM0EIDL        equ	3867	;# 
   269   000F1C                     RXM1SIDH        equ	3868	;# 
   270   000F1D                     RXM1SIDL        equ	3869	;# 
   271   000F1E                     RXM1EIDH        equ	3870	;# 
   272   000F1F                     RXM1EIDL        equ	3871	;# 
   273   000F20                     TXB2CON         equ	3872	;# 
   274   000F21                     TXB2SIDH        equ	3873	;# 
   275   000F22                     TXB2SIDL        equ	3874	;# 
   276   000F23                     TXB2EIDH        equ	3875	;# 
   277   000F24                     TXB2EIDL        equ	3876	;# 
   278   000F25                     TXB2DLC         equ	3877	;# 
   279   000F26                     TXB2D0          equ	3878	;# 
   280   000F27                     TXB2D1          equ	3879	;# 
   281   000F28                     TXB2D2          equ	3880	;# 
   282   000F29                     TXB2D3          equ	3881	;# 
   283   000F2A                     TXB2D4          equ	3882	;# 
   284   000F2B                     TXB2D5          equ	3883	;# 
   285   000F2C                     TXB2D6          equ	3884	;# 
   286   000F2D                     TXB2D7          equ	3885	;# 
   287   000F2E                     CANSTAT_RO3     equ	3886	;# 
   288   000F2F                     CANCON_RO3      equ	3887	;# 
   289   000F30                     TXB1CON         equ	3888	;# 
   290   000F31                     TXB1SIDH        equ	3889	;# 
   291   000F32                     TXB1SIDL        equ	3890	;# 
   292   000F33                     TXB1EIDH        equ	3891	;# 
   293   000F34                     TXB1EIDL        equ	3892	;# 
   294   000F35                     TXB1DLC         equ	3893	;# 
   295   000F36                     TXB1D0          equ	3894	;# 
   296   000F37                     TXB1D1          equ	3895	;# 
   297   000F38                     TXB1D2          equ	3896	;# 
   298   000F39                     TXB1D3          equ	3897	;# 
   299   000F3A                     TXB1D4          equ	3898	;# 
   300   000F3B                     TXB1D5          equ	3899	;# 
   301   000F3C                     TXB1D6          equ	3900	;# 
   302   000F3D                     TXB1D7          equ	3901	;# 
   303   000F3E                     CANSTAT_RO2     equ	3902	;# 
   304   000F3F                     CANCON_RO2      equ	3903	;# 
   305   000F40                     TXB0CON         equ	3904	;# 
   306   000F41                     TXB0SIDH        equ	3905	;# 
   307   000F42                     TXB0SIDL        equ	3906	;# 
   308   000F43                     TXB0EIDH        equ	3907	;# 
   309   000F44                     TXB0EIDL        equ	3908	;# 
   310   000F45                     TXB0DLC         equ	3909	;# 
   311   000F46                     TXB0D0          equ	3910	;# 
   312   000F47                     TXB0D1          equ	3911	;# 
   313   000F48                     TXB0D2          equ	3912	;# 
   314   000F49                     TXB0D3          equ	3913	;# 
   315   000F4A                     TXB0D4          equ	3914	;# 
   316   000F4B                     TXB0D5          equ	3915	;# 
   317   000F4C                     TXB0D6          equ	3916	;# 
   318   000F4D                     TXB0D7          equ	3917	;# 
   319   000F4E                     CANSTAT_RO1     equ	3918	;# 
   320   000F4F                     CANCON_RO1      equ	3919	;# 
   321   000F50                     RXB1CON         equ	3920	;# 
   322   000F51                     RXB1SIDH        equ	3921	;# 
   323   000F52                     RXB1SIDL        equ	3922	;# 
   324   000F53                     RXB1EIDH        equ	3923	;# 
   325   000F54                     RXB1EIDL        equ	3924	;# 
   326   000F55                     RXB1DLC         equ	3925	;# 
   327   000F56                     RXB1D0          equ	3926	;# 
   328   000F57                     RXB1D1          equ	3927	;# 
   329   000F58                     RXB1D2          equ	3928	;# 
   330   000F59                     RXB1D3          equ	3929	;# 
   331   000F5A                     RXB1D4          equ	3930	;# 
   332   000F5B                     RXB1D5          equ	3931	;# 
   333   000F5C                     RXB1D6          equ	3932	;# 
   334   000F5D                     RXB1D7          equ	3933	;# 
   335   000F5E                     CANSTAT_RO0     equ	3934	;# 
   336   000F5F                     CANCON_RO0      equ	3935	;# 
   337   000F60                     RXB0CON         equ	3936	;# 
   338   000F61                     RXB0SIDH        equ	3937	;# 
   339   000F62                     RXB0SIDL        equ	3938	;# 
   340   000F63                     RXB0EIDH        equ	3939	;# 
   341   000F64                     RXB0EIDL        equ	3940	;# 
   342   000F65                     RXB0DLC         equ	3941	;# 
   343   000F66                     RXB0D0          equ	3942	;# 
   344   000F67                     RXB0D1          equ	3943	;# 
   345   000F68                     RXB0D2          equ	3944	;# 
   346   000F69                     RXB0D3          equ	3945	;# 
   347   000F6A                     RXB0D4          equ	3946	;# 
   348   000F6B                     RXB0D5          equ	3947	;# 
   349   000F6C                     RXB0D6          equ	3948	;# 
   350   000F6D                     RXB0D7          equ	3949	;# 
   351   000F6E                     CANSTAT         equ	3950	;# 
   352   000F6F                     CANCON          equ	3951	;# 
   353   000F70                     BRGCON1         equ	3952	;# 
   354   000F71                     BRGCON2         equ	3953	;# 
   355   000F72                     BRGCON3         equ	3954	;# 
   356   000F73                     CIOCON          equ	3955	;# 
   357   000F74                     COMSTAT         equ	3956	;# 
   358   000F75                     RXERRCNT        equ	3957	;# 
   359   000F76                     TXERRCNT        equ	3958	;# 
   360   000F77                     ECANCON         equ	3959	;# 
   361   000F80                     PORTA           equ	3968	;# 
   362   000F81                     PORTB           equ	3969	;# 
   363   000F82                     PORTC           equ	3970	;# 
   364   000F83                     PORTD           equ	3971	;# 
   365   000F84                     PORTE           equ	3972	;# 
   366   000F89                     LATA            equ	3977	;# 
   367   000F8A                     LATB            equ	3978	;# 
   368   000F8B                     LATC            equ	3979	;# 
   369   000F8C                     LATD            equ	3980	;# 
   370   000F8D                     LATE            equ	3981	;# 
   371   000F92                     TRISA           equ	3986	;# 
   372   000F92                     DDRA            equ	3986	;# 
   373   000F93                     TRISB           equ	3987	;# 
   374   000F93                     DDRB            equ	3987	;# 
   375   000F94                     TRISC           equ	3988	;# 
   376   000F94                     DDRC            equ	3988	;# 
   377   000F95                     TRISD           equ	3989	;# 
   378   000F95                     DDRD            equ	3989	;# 
   379   000F96                     TRISE           equ	3990	;# 
   380   000F96                     DDRE            equ	3990	;# 
   381   000F9B                     OSCTUNE         equ	3995	;# 
   382   000F9D                     PIE1            equ	3997	;# 
   383   000F9E                     PIR1            equ	3998	;# 
   384   000F9F                     IPR1            equ	3999	;# 
   385   000FA0                     PIE2            equ	4000	;# 
   386   000FA1                     PIR2            equ	4001	;# 
   387   000FA2                     IPR2            equ	4002	;# 
   388   000FA3                     PIE3            equ	4003	;# 
   389   000FA4                     PIR3            equ	4004	;# 
   390   000FA5                     IPR3            equ	4005	;# 
   391   000FA6                     EECON1          equ	4006	;# 
   392   000FA7                     EECON2          equ	4007	;# 
   393   000FA8                     EEDATA          equ	4008	;# 
   394   000FA9                     EEADR           equ	4009	;# 
   395   000FAB                     RCSTA           equ	4011	;# 
   396   000FAB                     RCSTA1          equ	4011	;# 
   397   000FAC                     TXSTA           equ	4012	;# 
   398   000FAC                     TXSTA1          equ	4012	;# 
   399   000FAD                     TXREG           equ	4013	;# 
   400   000FAD                     TXREG1          equ	4013	;# 
   401   000FAE                     RCREG           equ	4014	;# 
   402   000FAE                     RCREG1          equ	4014	;# 
   403   000FAF                     SPBRG           equ	4015	;# 
   404   000FAF                     SPBRG1          equ	4015	;# 
   405   000FB0                     SPBRGH          equ	4016	;# 
   406   000FB1                     T3CON           equ	4017	;# 
   407   000FB2                     TMR3            equ	4018	;# 
   408   000FB2                     TMR3L           equ	4018	;# 
   409   000FB3                     TMR3H           equ	4019	;# 
   410   000FB4                     CMCON           equ	4020	;# 
   411   000FB5                     CVRCON          equ	4021	;# 
   412   000FB6                     ECCP1AS         equ	4022	;# 
   413   000FB7                     ECCP1DEL        equ	4023	;# 
   414   000FB8                     BAUDCON         equ	4024	;# 
   415   000FB8                     BAUDCTL         equ	4024	;# 
   416   000FBA                     ECCP1CON        equ	4026	;# 
   417   000FBB                     ECCPR1          equ	4027	;# 
   418   000FBB                     ECCPR1L         equ	4027	;# 
   419   000FBC                     ECCPR1H         equ	4028	;# 
   420   000FBD                     CCP1CON         equ	4029	;# 
   421   000FBE                     CCPR1           equ	4030	;# 
   422   000FBE                     CCPR1L          equ	4030	;# 
   423   000FBF                     CCPR1H          equ	4031	;# 
   424   000FC0                     ADCON2          equ	4032	;# 
   425   000FC1                     ADCON1          equ	4033	;# 
   426   000FC2                     ADCON0          equ	4034	;# 
   427   000FC3                     ADRES           equ	4035	;# 
   428   000FC3                     ADRESL          equ	4035	;# 
   429   000FC4                     ADRESH          equ	4036	;# 
   430   000FC5                     SSPCON2         equ	4037	;# 
   431   000FC6                     SSPCON1         equ	4038	;# 
   432   000FC7                     SSPSTAT         equ	4039	;# 
   433   000FC8                     SSPADD          equ	4040	;# 
   434   000FC9                     SSPBUF          equ	4041	;# 
   435   000FCA                     T2CON           equ	4042	;# 
   436   000FCB                     PR2             equ	4043	;# 
   437   000FCB                     MEMCON          equ	4043	;# 
   438   000FCC                     TMR2            equ	4044	;# 
   439   000FCD                     T1CON           equ	4045	;# 
   440   000FCE                     TMR1            equ	4046	;# 
   441   000FCE                     TMR1L           equ	4046	;# 
   442   000FCF                     TMR1H           equ	4047	;# 
   443   000FD0                     RCON            equ	4048	;# 
   444   000FD1                     WDTCON          equ	4049	;# 
   445   000FD2                     HLVDCON         equ	4050	;# 
   446   000FD2                     LVDCON          equ	4050	;# 
   447   000FD3                     OSCCON          equ	4051	;# 
   448   000FD5                     T0CON           equ	4053	;# 
   449   000FD6                     TMR0            equ	4054	;# 
   450   000FD6                     TMR0L           equ	4054	;# 
   451   000FD7                     TMR0H           equ	4055	;# 
   452   000FD8                     STATUS          equ	4056	;# 
   453   000FD9                     FSR2            equ	4057	;# 
   454   000FD9                     FSR2L           equ	4057	;# 
   455   000FDA                     FSR2H           equ	4058	;# 
   456   000FDB                     PLUSW2          equ	4059	;# 
   457   000FDC                     PREINC2         equ	4060	;# 
   458   000FDD                     POSTDEC2        equ	4061	;# 
   459   000FDE                     POSTINC2        equ	4062	;# 
   460   000FDF                     INDF2           equ	4063	;# 
   461   000FE0                     BSR             equ	4064	;# 
   462   000FE1                     FSR1            equ	4065	;# 
   463   000FE1                     FSR1L           equ	4065	;# 
   464   000FE2                     FSR1H           equ	4066	;# 
   465   000FE3                     PLUSW1          equ	4067	;# 
   466   000FE4                     PREINC1         equ	4068	;# 
   467   000FE5                     POSTDEC1        equ	4069	;# 
   468   000FE6                     POSTINC1        equ	4070	;# 
   469   000FE7                     INDF1           equ	4071	;# 
   470   000FE8                     WREG            equ	4072	;# 
   471   000FE9                     FSR0            equ	4073	;# 
   472   000FE9                     FSR0L           equ	4073	;# 
   473   000FEA                     FSR0H           equ	4074	;# 
   474   000FEB                     PLUSW0          equ	4075	;# 
   475   000FEC                     PREINC0         equ	4076	;# 
   476   000FED                     POSTDEC0        equ	4077	;# 
   477   000FEE                     POSTINC0        equ	4078	;# 
   478   000FEF                     INDF0           equ	4079	;# 
   479   000FF0                     INTCON3         equ	4080	;# 
   480   000FF1                     INTCON2         equ	4081	;# 
   481   000FF2                     INTCON          equ	4082	;# 
   482   000FF3                     PROD            equ	4083	;# 
   483   000FF3                     PRODL           equ	4083	;# 
   484   000FF4                     PRODH           equ	4084	;# 
   485   000FF5                     TABLAT          equ	4085	;# 
   486   000FF6                     TBLPTR          equ	4086	;# 
   487   000FF6                     TBLPTRL         equ	4086	;# 
   488   000FF7                     TBLPTRH         equ	4087	;# 
   489   000FF8                     TBLPTRU         equ	4088	;# 
   490   000FF9                     PCLAT           equ	4089	;# 
   491   000FF9                     PC              equ	4089	;# 
   492   000FF9                     PCL             equ	4089	;# 
   493   000FFA                     PCLATH          equ	4090	;# 
   494   000FFB                     PCLATU          equ	4091	;# 
   495   000FFC                     STKPTR          equ	4092	;# 
   496   000FFD                     TOS             equ	4093	;# 
   497   000FFD                     TOSL            equ	4093	;# 
   498   000FFE                     TOSH            equ	4094	;# 
   499   000FFF                     TOSU            equ	4095	;# 
   500   000F89                     _LATA           set	3977
   501   000F92                     _TRISA          set	3986
   502   000F8B                     _LATC           set	3979
   503   000F94                     _TRISC          set	3988
   504                           
   505                           ; #config settings
   506                           
   507                           	psect	cinit
   508   0007B2                     __pcinit:
   509                           	callstack 0
   510   0007B2                     start_initialization:
   511                           	callstack 0
   512   0007B2                     __initialization:
   513                           	callstack 0
   514   0007B2                     end_of_initialization:
   515                           	callstack 0
   516   0007B2                     __end_of__initialization:
   517                           	callstack 0
   518   0007B2  0100               	movlb	0
   519   0007B4  EF01  F003         	goto	_main	;jump to C main() function
   520                           
   521                           	psect	cstackCOMRAM
   522   000001                     __pcstackCOMRAM:
   523                           	callstack 0
   524   000001                     main@i:
   525                           	callstack 0
   526   000001                     
   527                           ; 1 bytes @ 0x0
   528   000001                     	ds	4
   529                           
   530 ;;
   531 ;;Main: autosize = 0, tempsize = 0, incstack = 0, save=0
   532 ;;
   533 ;; *************** function _main *****************
   534 ;; Defined at:
   535 ;;		line 11 in file "traffic_light.c"
   536 ;; Parameters:    Size  Location     Type
   537 ;;		None
   538 ;; Auto vars:     Size  Location     Type
   539 ;;  i               4    0[COMRAM] long 
   540 ;; Return value:  Size  Location     Type
   541 ;;                  1    wreg      void 
   542 ;; Registers used:
   543 ;;		wreg, status,2, status,0
   544 ;; Tracked objects:
   545 ;;		On entry : 0/0
   546 ;;		On exit  : 0/0
   547 ;;		Unchanged: 0/0
   548 ;; Data sizes:     COMRAM   BANK0   BANK1   BANK2   BANK3   BANK4   BANK5
   549 ;;      Params:         0       0       0       0       0       0       0
   550 ;;      Locals:         4       0       0       0       0       0       0
   551 ;;      Temps:          0       0       0       0       0       0       0
   552 ;;      Totals:         4       0       0       0       0       0       0
   553 ;;Total ram usage:        4 bytes
   554 ;; This function calls:
   555 ;;		Nothing
   556 ;; This function is called by:
   557 ;;		Startup code after reset
   558 ;; This function uses a non-reentrant model
   559 ;;
   560                           
   561                           	psect	text0
   562   000602                     __ptext0:
   563                           	callstack 0
   564   000602                     _main:
   565                           	callstack 31
   566   000602                     l13:
   567                           
   568                           ;traffic_light.c: 15: {;traffic_light.c: 16:         TRISC = 0x00;
   569   000602  6A94               	clrf	148,c	;volatile
   570   000604                     
   571                           ;traffic_light.c: 18:         LATC = 0x01;
   572   000604  0E01               	movlw	1
   573   000606  6E8B               	movwf	139,c	;volatile
   574                           
   575                           ;traffic_light.c: 19:         for (i = 0; i < 100000; i++);
   576   000608  0E00               	movlw	0
   577   00060A  6E01               	movwf	main@i^0,c
   578   00060C  0E00               	movlw	0
   579   00060E  6E02               	movwf	(main@i+1)^0,c
   580   000610  0E00               	movlw	0
   581   000612  6E03               	movwf	(main@i+2)^0,c
   582   000614  0E00               	movlw	0
   583   000616  6E04               	movwf	(main@i+3)^0,c
   584   000618                     l710:
   585   000618  0E01               	movlw	1
   586   00061A  2601               	addwf	main@i^0,f,c
   587   00061C  0E00               	movlw	0
   588   00061E  2202               	addwfc	(main@i+1)^0,f,c
   589   000620  2203               	addwfc	(main@i+2)^0,f,c
   590   000622  2204               	addwfc	(main@i+3)^0,f,c
   591   000624  BE04               	btfsc	(main@i+3)^0,7,c
   592   000626  EF22  F003         	goto	u11
   593   00062A  5004               	movf	(main@i+3)^0,w,c
   594   00062C  E10D               	bnz	u10
   595   00062E  0EA0               	movlw	160
   596   000630  5C01               	subwf	main@i^0,w,c
   597   000632  0E86               	movlw	134
   598   000634  5802               	subwfb	(main@i+1)^0,w,c
   599   000636  0E01               	movlw	1
   600   000638  5803               	subwfb	(main@i+2)^0,w,c
   601   00063A  A0D8               	btfss	status,0,c
   602   00063C  EF22  F003         	goto	u11
   603   000640  EF24  F003         	goto	u10
   604   000644                     u11:
   605   000644  EF0C  F003         	goto	l710
   606   000648                     u10:
   607   000648                     
   608                           ;traffic_light.c: 20:         LATC =0X00;
   609   000648  6A8B               	clrf	139,c	;volatile
   610   00064A                     
   611                           ;traffic_light.c: 22:         LATC = 0x02;
   612   00064A  0E02               	movlw	2
   613   00064C  6E8B               	movwf	139,c	;volatile
   614                           
   615                           ;traffic_light.c: 23:         for (i = 0; i < 100000; i++);
   616   00064E  0E00               	movlw	0
   617   000650  6E01               	movwf	main@i^0,c
   618   000652  0E00               	movlw	0
   619   000654  6E02               	movwf	(main@i+1)^0,c
   620   000656  0E00               	movlw	0
   621   000658  6E03               	movwf	(main@i+2)^0,c
   622   00065A  0E00               	movlw	0
   623   00065C  6E04               	movwf	(main@i+3)^0,c
   624   00065E                     l718:
   625   00065E  0E01               	movlw	1
   626   000660  2601               	addwf	main@i^0,f,c
   627   000662  0E00               	movlw	0
   628   000664  2202               	addwfc	(main@i+1)^0,f,c
   629   000666  2203               	addwfc	(main@i+2)^0,f,c
   630   000668  2204               	addwfc	(main@i+3)^0,f,c
   631   00066A  BE04               	btfsc	(main@i+3)^0,7,c
   632   00066C  EF45  F003         	goto	u21
   633   000670  5004               	movf	(main@i+3)^0,w,c
   634   000672  E10D               	bnz	u20
   635   000674  0EA0               	movlw	160
   636   000676  5C01               	subwf	main@i^0,w,c
   637   000678  0E86               	movlw	134
   638   00067A  5802               	subwfb	(main@i+1)^0,w,c
   639   00067C  0E01               	movlw	1
   640   00067E  5803               	subwfb	(main@i+2)^0,w,c
   641   000680  A0D8               	btfss	status,0,c
   642   000682  EF45  F003         	goto	u21
   643   000686  EF47  F003         	goto	u20
   644   00068A                     u21:
   645   00068A  EF2F  F003         	goto	l718
   646   00068E                     u20:
   647   00068E                     
   648                           ;traffic_light.c: 24:         LATC =0X00;
   649   00068E  6A8B               	clrf	139,c	;volatile
   650   000690                     
   651                           ;traffic_light.c: 26:         LATC = 0x04;
   652   000690  0E04               	movlw	4
   653   000692  6E8B               	movwf	139,c	;volatile
   654                           
   655                           ;traffic_light.c: 27:         for (i = 0; i < 100000; i++);
   656   000694  0E00               	movlw	0
   657   000696  6E01               	movwf	main@i^0,c
   658   000698  0E00               	movlw	0
   659   00069A  6E02               	movwf	(main@i+1)^0,c
   660   00069C  0E00               	movlw	0
   661   00069E  6E03               	movwf	(main@i+2)^0,c
   662   0006A0  0E00               	movlw	0
   663   0006A2  6E04               	movwf	(main@i+3)^0,c
   664   0006A4                     l726:
   665   0006A4  0E01               	movlw	1
   666   0006A6  2601               	addwf	main@i^0,f,c
   667   0006A8  0E00               	movlw	0
   668   0006AA  2202               	addwfc	(main@i+1)^0,f,c
   669   0006AC  2203               	addwfc	(main@i+2)^0,f,c
   670   0006AE  2204               	addwfc	(main@i+3)^0,f,c
   671   0006B0  BE04               	btfsc	(main@i+3)^0,7,c
   672   0006B2  EF68  F003         	goto	u31
   673   0006B6  5004               	movf	(main@i+3)^0,w,c
   674   0006B8  E10D               	bnz	u30
   675   0006BA  0EA0               	movlw	160
   676   0006BC  5C01               	subwf	main@i^0,w,c
   677   0006BE  0E86               	movlw	134
   678   0006C0  5802               	subwfb	(main@i+1)^0,w,c
   679   0006C2  0E01               	movlw	1
   680   0006C4  5803               	subwfb	(main@i+2)^0,w,c
   681   0006C6  A0D8               	btfss	status,0,c
   682   0006C8  EF68  F003         	goto	u31
   683   0006CC  EF6A  F003         	goto	u30
   684   0006D0                     u31:
   685   0006D0  EF52  F003         	goto	l726
   686   0006D4                     u30:
   687   0006D4                     
   688                           ;traffic_light.c: 28:         LATC =0X00;
   689   0006D4  6A8B               	clrf	139,c	;volatile
   690                           
   691                           ;traffic_light.c: 30:         TRISA = 0X00;
   692   0006D6  6A92               	clrf	146,c	;volatile
   693   0006D8                     
   694                           ;traffic_light.c: 31:         LATA = 0x01;
   695   0006D8  0E01               	movlw	1
   696   0006DA  6E89               	movwf	137,c	;volatile
   697                           
   698                           ;traffic_light.c: 32:         for (i = 0; i < 100000; i++);
   699   0006DC  0E00               	movlw	0
   700   0006DE  6E01               	movwf	main@i^0,c
   701   0006E0  0E00               	movlw	0
   702   0006E2  6E02               	movwf	(main@i+1)^0,c
   703   0006E4  0E00               	movlw	0
   704   0006E6  6E03               	movwf	(main@i+2)^0,c
   705   0006E8  0E00               	movlw	0
   706   0006EA  6E04               	movwf	(main@i+3)^0,c
   707   0006EC                     l734:
   708   0006EC  0E01               	movlw	1
   709   0006EE  2601               	addwf	main@i^0,f,c
   710   0006F0  0E00               	movlw	0
   711   0006F2  2202               	addwfc	(main@i+1)^0,f,c
   712   0006F4  2203               	addwfc	(main@i+2)^0,f,c
   713   0006F6  2204               	addwfc	(main@i+3)^0,f,c
   714   0006F8  BE04               	btfsc	(main@i+3)^0,7,c
   715   0006FA  EF8C  F003         	goto	u41
   716   0006FE  5004               	movf	(main@i+3)^0,w,c
   717   000700  E10D               	bnz	u40
   718   000702  0EA0               	movlw	160
   719   000704  5C01               	subwf	main@i^0,w,c
   720   000706  0E86               	movlw	134
   721   000708  5802               	subwfb	(main@i+1)^0,w,c
   722   00070A  0E01               	movlw	1
   723   00070C  5803               	subwfb	(main@i+2)^0,w,c
   724   00070E  A0D8               	btfss	status,0,c
   725   000710  EF8C  F003         	goto	u41
   726   000714  EF8E  F003         	goto	u40
   727   000718                     u41:
   728   000718  EF76  F003         	goto	l734
   729   00071C                     u40:
   730   00071C                     
   731                           ;traffic_light.c: 33:         LATA =0X00;
   732   00071C  6A89               	clrf	137,c	;volatile
   733   00071E                     
   734                           ;traffic_light.c: 35:         LATA = 0x02;
   735   00071E  0E02               	movlw	2
   736   000720  6E89               	movwf	137,c	;volatile
   737                           
   738                           ;traffic_light.c: 36:         for (i = 0; i < 100000; i++);
   739   000722  0E00               	movlw	0
   740   000724  6E01               	movwf	main@i^0,c
   741   000726  0E00               	movlw	0
   742   000728  6E02               	movwf	(main@i+1)^0,c
   743   00072A  0E00               	movlw	0
   744   00072C  6E03               	movwf	(main@i+2)^0,c
   745   00072E  0E00               	movlw	0
   746   000730  6E04               	movwf	(main@i+3)^0,c
   747   000732                     l742:
   748   000732  0E01               	movlw	1
   749   000734  2601               	addwf	main@i^0,f,c
   750   000736  0E00               	movlw	0
   751   000738  2202               	addwfc	(main@i+1)^0,f,c
   752   00073A  2203               	addwfc	(main@i+2)^0,f,c
   753   00073C  2204               	addwfc	(main@i+3)^0,f,c
   754   00073E  BE04               	btfsc	(main@i+3)^0,7,c
   755   000740  EFAF  F003         	goto	u51
   756   000744  5004               	movf	(main@i+3)^0,w,c
   757   000746  E10D               	bnz	u50
   758   000748  0EA0               	movlw	160
   759   00074A  5C01               	subwf	main@i^0,w,c
   760   00074C  0E86               	movlw	134
   761   00074E  5802               	subwfb	(main@i+1)^0,w,c
   762   000750  0E01               	movlw	1
   763   000752  5803               	subwfb	(main@i+2)^0,w,c
   764   000754  A0D8               	btfss	status,0,c
   765   000756  EFAF  F003         	goto	u51
   766   00075A  EFB1  F003         	goto	u50
   767   00075E                     u51:
   768   00075E  EF99  F003         	goto	l742
   769   000762                     u50:
   770   000762                     
   771                           ;traffic_light.c: 37:         LATA =0X00;
   772   000762  6A89               	clrf	137,c	;volatile
   773   000764                     
   774                           ;traffic_light.c: 39:         LATA = 0x04;
   775   000764  0E04               	movlw	4
   776   000766  6E89               	movwf	137,c	;volatile
   777                           
   778                           ;traffic_light.c: 40:         for (i = 0; i < 100000; i++);
   779   000768  0E00               	movlw	0
   780   00076A  6E01               	movwf	main@i^0,c
   781   00076C  0E00               	movlw	0
   782   00076E  6E02               	movwf	(main@i+1)^0,c
   783   000770  0E00               	movlw	0
   784   000772  6E03               	movwf	(main@i+2)^0,c
   785   000774  0E00               	movlw	0
   786   000776  6E04               	movwf	(main@i+3)^0,c
   787   000778                     l750:
   788   000778  0E01               	movlw	1
   789   00077A  2601               	addwf	main@i^0,f,c
   790   00077C  0E00               	movlw	0
   791   00077E  2202               	addwfc	(main@i+1)^0,f,c
   792   000780  2203               	addwfc	(main@i+2)^0,f,c
   793   000782  2204               	addwfc	(main@i+3)^0,f,c
   794   000784  BE04               	btfsc	(main@i+3)^0,7,c
   795   000786  EFD2  F003         	goto	u61
   796   00078A  5004               	movf	(main@i+3)^0,w,c
   797   00078C  E10D               	bnz	u60
   798   00078E  0EA0               	movlw	160
   799   000790  5C01               	subwf	main@i^0,w,c
   800   000792  0E86               	movlw	134
   801   000794  5802               	subwfb	(main@i+1)^0,w,c
   802   000796  0E01               	movlw	1
   803   000798  5803               	subwfb	(main@i+2)^0,w,c
   804   00079A  A0D8               	btfss	status,0,c
   805   00079C  EFD2  F003         	goto	u61
   806   0007A0  EFD4  F003         	goto	u60
   807   0007A4                     u61:
   808   0007A4  EFBC  F003         	goto	l750
   809   0007A8                     u60:
   810   0007A8                     
   811                           ;traffic_light.c: 41:         LATA =0X00;
   812   0007A8  6A89               	clrf	137,c	;volatile
   813   0007AA  EF01  F003         	goto	l13
   814   0007AE  EF00  F000         	goto	start
   815   0007B2                     __end_of_main:
   816                           	callstack 0
   817                           
   818                           	psect	smallconst
   819   000600                     __psmallconst:
   820                           	callstack 0
   821   000600  00                 	db	0
   822   000601  00                 	db	0	; dummy byte at the end
   823   000000                     __activetblptr  equ	0
   824                           
   825                           	psect	rparam
   826   000001                     ___rparam_used  equ	1
   827   000000                     ___param_bank   equ	0
   828   000000                     __Lparam        equ	__Lrparam
   829   000000                     __Hparam        equ	__Hrparam
   830                           tosu	equ	0xFFF
   831                           tosh	equ	0xFFE
   832                           tosl	equ	0xFFD
   833                           stkptr	equ	0xFFC
   834                           pclatu	equ	0xFFB
   835                           pclath	equ	0xFFA
   836                           pcl	equ	0xFF9
   837                           tblptru	equ	0xFF8
   838                           tblptrh	equ	0xFF7
   839                           tblptrl	equ	0xFF6
   840                           tablat	equ	0xFF5
   841                           prodh	equ	0xFF4
   842                           prodl	equ	0xFF3
   843                           indf0	equ	0xFEF
   844                           postinc0	equ	0xFEE
   845                           postdec0	equ	0xFED
   846                           preinc0	equ	0xFEC
   847                           plusw0	equ	0xFEB
   848                           fsr0h	equ	0xFEA
   849                           fsr0l	equ	0xFE9
   850                           wreg	equ	0xFE8
   851                           indf1	equ	0xFE7
   852                           postinc1	equ	0xFE6
   853                           postdec1	equ	0xFE5
   854                           preinc1	equ	0xFE4
   855                           plusw1	equ	0xFE3
   856                           fsr1h	equ	0xFE2
   857                           fsr1l	equ	0xFE1
   858                           bsr	equ	0xFE0
   859                           indf2	equ	0xFDF
   860                           postinc2	equ	0xFDE
   861                           postdec2	equ	0xFDD
   862                           preinc2	equ	0xFDC
   863                           plusw2	equ	0xFDB
   864                           fsr2h	equ	0xFDA
   865                           fsr2l	equ	0xFD9
   866                           status	equ	0xFD8

Data Sizes:
    Strings     0
    Constant    0
    Data        0
    BSS         0
    Persistent  0
    Stack       0

Auto Spaces:
    Space          Size  Autos    Used
    COMRAM           95      4       4
    BANK0           160      0       0
    BANK1           256      0       0
    BANK2           256      0       0
    BANK3           256      0       0
    BANK4           256      0       0
    BANK5           256      0       0

Pointer List with Targets:

    None.

Critical Paths under _main in COMRAM

    None.

Critical Paths under _main in BANK0

    None.

Critical Paths under _main in BANK1

    None.

Critical Paths under _main in BANK2

    None.

Critical Paths under _main in BANK3

    None.

Critical Paths under _main in BANK4

    None.

Critical Paths under _main in BANK5

    None.

Call Graph Tables:

 ---------------------------------------------------------------------------------
 (Depth) Function   	        Calls       Base Space   Used Autos Params    Refs
 ---------------------------------------------------------------------------------
 (0) _main                                                 4     4      0     180
                                              0 COMRAM     4     4      0
 ---------------------------------------------------------------------------------
 Estimated maximum stack depth 0
 ---------------------------------------------------------------------------------

 Call Graph Graphs:

 _main (ROOT)

Address spaces:
Name               Size   Autos  Total    Usage
BITCOMRAM           95      0       0      0.0%
BITBANK0           160      0       0      0.0%
BITBANK1           256      0       0      0.0%
BITBANK2           256      0       0      0.0%
BITBANK3           256      0       0      0.0%
BITBANK4           256      0       0      0.0%
BITBANK5           256      0       0      0.0%
BITBIGSFRl         649      0       0      0.0%
BITBIGSFRh         118      0       0      0.0%
COMRAM              95      4       4      4.2%
BANK0              160      0       0      0.0%
BANK1              256      0       0      0.0%
BANK2              256      0       0      0.0%
BANK3              256      0       0      0.0%
BANK4              256      0       0      0.0%
BANK5              256      0       0      0.0%
BIGRAM            1535      0       0      0.0%
STACK                0      0       0      0.0%
DATA                 0      0       4      0.0%


Microchip Technology PIC18 Macro Assembler V2.50 build 20240725155939 
Symbol Table                                                                                   Sun Dec 01 08:55:15 2024

                     l21 071C                       l13 0602                       l23 0762  
                     l15 0648                       l25 07A8                       l17 068E  
                     l19 06D4                       u10 0648                       u11 0644  
                     u20 068E                       u21 068A                       u30 06D4  
                     u31 06D0                       u40 071C                       u41 0718  
                     u50 0762                       u51 075E                       u60 07A8  
                     u61 07A4                      l710 0618                      l720 0690  
                    l712 064A                      l704 0604                      l750 0778  
                    l742 0732                      l734 06EC                      l726 06A4  
                    l718 065E                      l744 0764                      l736 071E  
                    l728 06D8                     _LATA 0F89                     _LATC 0F8B  
                   _main 0602                     start 0000             ___param_bank 0000  
                  ?_main 0001                    _TRISA 0F92                    _TRISC 0F94  
                  main@i 0001                    status 0FD8          __initialization 07B2  
           __end_of_main 07B2                   ??_main 0001            __activetblptr 0000  
                 isa$std 0001             __mediumconst 0000               __accesstop 0060  
__end_of__initialization 07B2            ___rparam_used 0001           __pcstackCOMRAM 0001  
                __Hparam 0000                  __Lparam 0000             __psmallconst 0600  
                __pcinit 07B2                  __ramtop 0600                  __ptext0 0602  
   end_of_initialization 07B2      start_initialization 07B2              __smallconst 0600  
               __Hrparam 0000                 __Lrparam 0000                 isa$xinst 0000  
